<?xml version="1.0" encoding="UTF-8"?>
<testsuite name="JUnit Vintage" tests="0" skipped="0" failures="0" errors="0" time="0.001" hostname="MikeYangdeMBP" timestamp="2021-08-12T17:33:19">
<properties>
<property name="file.encoding" value="UTF-8"/>
<property name="file.separator" value="/"/>
<property name="ftp.nonProxyHosts" value="local|*.local|169.254/16|*.169.254/16"/>
<property name="http.nonProxyHosts" value="local|*.local|169.254/16|*.169.254/16"/>
<property name="java.class.path" value="/Users/mikeyang/Documents/courses/appjava/hw4/yangy25/src/test/resources/junit-platform-console-standalone-1.7.0-all.jar"/>
<property name="java.class.version" value="60.0"/>
<property name="java.home" value="/Library/Java/JavaVirtualMachines/jdk-16.0.2.jdk/Contents/Home"/>
<property name="java.io.tmpdir" value="/var/folders/zz/zyxvpxvq6csfxvn_n0000000000000/T/"/>
<property name="java.library.path" value="/Users/mikeyang/Library/Java/Extensions:/Library/Java/Extensions:/Network/Library/Java/Extensions:/System/Library/Java/Extensions:/usr/lib/java:."/>
<property name="java.runtime.name" value="Java(TM) SE Runtime Environment"/>
<property name="java.runtime.version" value="16.0.2+7-67"/>
<property name="java.specification.name" value="Java Platform API Specification"/>
<property name="java.specification.vendor" value="Oracle Corporation"/>
<property name="java.specification.version" value="16"/>
<property name="java.vendor" value="Oracle Corporation"/>
<property name="java.vendor.url" value="https://java.oracle.com/"/>
<property name="java.vendor.url.bug" value="https://bugreport.java.com/bugreport/"/>
<property name="java.version" value="16.0.2"/>
<property name="java.version.date" value="2021-07-20"/>
<property name="java.vm.compressedOopsMode" value="Zero based"/>
<property name="java.vm.info" value="mixed mode, sharing"/>
<property name="java.vm.name" value="Java HotSpot(TM) 64-Bit Server VM"/>
<property name="java.vm.specification.name" value="Java Virtual Machine Specification"/>
<property name="java.vm.specification.vendor" value="Oracle Corporation"/>
<property name="java.vm.specification.version" value="16"/>
<property name="java.vm.vendor" value="Oracle Corporation"/>
<property name="java.vm.version" value="16.0.2+7-67"/>
<property name="jdk.debug" value="release"/>
<property name="line.separator" value="
"/>
<property name="os.arch" value="x86_64"/>
<property name="os.name" value="Mac OS X"/>
<property name="os.version" value="11.5"/>
<property name="path.separator" value=":"/>
<property name="socksNonProxyHosts" value="local|*.local|169.254/16|*.169.254/16"/>
<property name="sun.arch.data.model" value="64"/>
<property name="sun.boot.library.path" value="/Library/Java/JavaVirtualMachines/jdk-16.0.2.jdk/Contents/Home/lib"/>
<property name="sun.cpu.endian" value="little"/>
<property name="sun.io.unicode.encoding" value="UnicodeBig"/>
<property name="sun.java.command" value="/Users/mikeyang/Documents/courses/appjava/hw4/yangy25/src/test/resources/junit-platform-console-standalone-1.7.0-all.jar -cp /Users/mikeyang/Documents/courses/appjava/hw4/yangy25/src/main/java:/Users/mikeyang/Documents/courses/appjava/hw4/yangy25/src/test/java --select-class PlagueTest --reports-dir=../report"/>
<property name="sun.java.launcher" value="SUN_STANDARD"/>
<property name="sun.jnu.encoding" value="UTF-8"/>
<property name="sun.management.compiler" value="HotSpot 64-Bit Tiered Compilers"/>
<property name="user.country" value="US"/>
<property name="user.dir" value="/Users/mikeyang/Documents/courses/appjava/hw4/yangy25/scripts"/>
<property name="user.home" value="/var/root"/>
<property name="user.language" value="en"/>
<property name="user.name" value="root"/>
<property name="user.timezone" value="America/New_York"/>
</properties>
<system-out><![CDATA[
unique-id: [engine:junit-vintage]
display-name: JUnit Vintage
]]></system-out>
</testsuite>
